<?xml version="1.0" encoding="UTF-8"?>
<robot generator="Robot 3.1.2 (Python 3.8.0 on win32)" generated="20191027 01:02:10.213" rpa="false">
<suite id="s1" name="MyFirstRobotSuite" source="C:\Users\thila\git\RobotFramework\MyFirstRobotProject\Test\MyFirstRobotSuite.robot">
<kw name="Log" library="BuiltIn" type="setup">
<doc>Logs the given message with the given level.</doc>
<arguments>
<arg>I am inside the Test Suite</arg>
</arguments>
<msg timestamp="20191027 01:02:10.740" level="INFO">I am inside the Test Suite</msg>
<status status="PASS" starttime="20191027 01:02:10.739" endtime="20191027 01:02:10.740"></status>
</kw>
<test id="s1-t1" name="MyFirstTest">
<kw name="Log" library="BuiltIn" type="setup">
<doc>Logs the given message with the given level.</doc>
<arguments>
<arg>I am inside the Test Case</arg>
</arguments>
<msg timestamp="20191027 01:02:10.741" level="INFO">I am inside the Test Case</msg>
<status status="PASS" starttime="20191027 01:02:10.741" endtime="20191027 01:02:10.741"></status>
</kw>
<kw name="Log" library="BuiltIn">
<doc>Logs the given message with the given level.</doc>
<arguments>
<arg>Hello World...</arg>
</arguments>
<msg timestamp="20191027 01:02:10.741" level="INFO">Hello World...</msg>
<status status="PASS" starttime="20191027 01:02:10.741" endtime="20191027 01:02:10.741"></status>
</kw>
<kw name="Log" library="BuiltIn" type="teardown">
<doc>Logs the given message with the given level.</doc>
<arguments>
<arg>I am inside the Test Case Teardown</arg>
</arguments>
<msg timestamp="20191027 01:02:10.741" level="INFO">I am inside the Test Case Teardown</msg>
<status status="PASS" starttime="20191027 01:02:10.741" endtime="20191027 01:02:10.741"></status>
</kw>
<tags>
<tag>Smoke</tag>
</tags>
<status status="PASS" starttime="20191027 01:02:10.740" endtime="20191027 01:02:10.741" critical="yes"></status>
</test>
<test id="s1-t2" name="MySecondTest">
<kw name="Log" library="BuiltIn" type="setup">
<doc>Logs the given message with the given level.</doc>
<arguments>
<arg>I am inside the Test Case</arg>
</arguments>
<msg timestamp="20191027 01:02:10.742" level="INFO">I am inside the Test Case</msg>
<status status="PASS" starttime="20191027 01:02:10.742" endtime="20191027 01:02:10.742"></status>
</kw>
<kw name="Log" library="BuiltIn">
<doc>Logs the given message with the given level.</doc>
<arguments>
<arg>Hello World...</arg>
</arguments>
<msg timestamp="20191027 01:02:10.742" level="INFO">Hello World...</msg>
<status status="PASS" starttime="20191027 01:02:10.742" endtime="20191027 01:02:10.743"></status>
</kw>
<kw name="Set Tags" library="BuiltIn">
<doc>Adds given ``tags`` for the current test or all tests in a suite.</doc>
<arguments>
<arg>Regression 1</arg>
</arguments>
<msg timestamp="20191027 01:02:10.743" level="INFO">Set tag 'Regression 1'.</msg>
<status status="PASS" starttime="20191027 01:02:10.743" endtime="20191027 01:02:10.743"></status>
</kw>
<kw name="Remove Tags" library="BuiltIn">
<doc>Removes given ``tags`` from the current test or all tests in a suite.</doc>
<arguments>
<arg>Regression 1</arg>
</arguments>
<msg timestamp="20191027 01:02:10.743" level="INFO">Removed tag 'Regression 1'.</msg>
<status status="PASS" starttime="20191027 01:02:10.743" endtime="20191027 01:02:10.743"></status>
</kw>
<kw name="Log" library="BuiltIn" type="teardown">
<doc>Logs the given message with the given level.</doc>
<arguments>
<arg>I am inside the Test Case Teardown</arg>
</arguments>
<msg timestamp="20191027 01:02:10.744" level="INFO">I am inside the Test Case Teardown</msg>
<status status="PASS" starttime="20191027 01:02:10.744" endtime="20191027 01:02:10.744"></status>
</kw>
<tags>
<tag>Sanity</tag>
</tags>
<status status="PASS" starttime="20191027 01:02:10.742" endtime="20191027 01:02:10.744" critical="yes"></status>
</test>
<test id="s1-t3" name="MyThirdTest">
<kw name="Log" library="BuiltIn" type="setup">
<doc>Logs the given message with the given level.</doc>
<arguments>
<arg>I am inside the Test Case</arg>
</arguments>
<msg timestamp="20191027 01:02:10.744" level="INFO">I am inside the Test Case</msg>
<status status="PASS" starttime="20191027 01:02:10.744" endtime="20191027 01:02:10.746"></status>
</kw>
<kw name="Log" library="BuiltIn">
<doc>Logs the given message with the given level.</doc>
<arguments>
<arg>Hello World...</arg>
</arguments>
<msg timestamp="20191027 01:02:10.746" level="INFO">Hello World...</msg>
<status status="PASS" starttime="20191027 01:02:10.746" endtime="20191027 01:02:10.746"></status>
</kw>
<kw name="Log" library="BuiltIn" type="teardown">
<doc>Logs the given message with the given level.</doc>
<arguments>
<arg>I am inside the Test Case Teardown</arg>
</arguments>
<msg timestamp="20191027 01:02:10.746" level="INFO">I am inside the Test Case Teardown</msg>
<status status="PASS" starttime="20191027 01:02:10.746" endtime="20191027 01:02:10.746"></status>
</kw>
<tags>
<tag>Sanity</tag>
</tags>
<status status="PASS" starttime="20191027 01:02:10.744" endtime="20191027 01:02:10.746" critical="yes"></status>
</test>
<kw name="Log" library="BuiltIn" type="teardown">
<doc>Logs the given message with the given level.</doc>
<arguments>
<arg>I am inside the Test Suite Teardown</arg>
</arguments>
<msg timestamp="20191027 01:02:10.747" level="INFO">I am inside the Test Suite Teardown</msg>
<status status="PASS" starttime="20191027 01:02:10.747" endtime="20191027 01:02:10.747"></status>
</kw>
<status status="PASS" starttime="20191027 01:02:10.219" endtime="20191027 01:02:10.747"></status>
</suite>
<statistics>
<total>
<stat pass="3" fail="0">Critical Tests</stat>
<stat pass="3" fail="0">All Tests</stat>
</total>
<tag>
<stat pass="2" fail="0">Sanity</stat>
<stat pass="1" fail="0">Smoke</stat>
</tag>
<suite>
<stat pass="3" fail="0" id="s1" name="MyFirstRobotSuite">MyFirstRobotSuite</stat>
</suite>
</statistics>
<errors>
</errors>
</robot>
